[35m[1mScanning dependencies of target respond_node[0m
[ 50%] [32mBuilding CXX object CMakeFiles/respond_node.dir/main.cpp.o[0m
[01m[K/home/troia/Ros/json-beta/src/respond/main.cpp:29:28:[m[K [01;31m[Kerror: [m[Kexpression cannot be used as a function
   29 |     time_t time = time(NULL[01;31m[K)[m[K;
      |                            [01;31m[K^[m[K
[01m[K/home/troia/Ros/json-beta/src/respond/main.cpp:[m[K In member function â€˜[01m[Kstd::string Logger::log_file_name()[m[Kâ€™:
[01m[K/home/troia/Ros/json-beta/src/respond/main.cpp:35:29:[m[K [01;31m[Kerror: [m[Kâ€˜[01m[Kres[m[Kâ€™ was not declared in this scope; did you mean â€˜[01m[Kros[m[Kâ€™?
   35 |  std::replace(date.begin(), [01;31m[Kres[m[K.end(), ' ', '-');
      |                             [01;31m[K^~~[m[K
      |                             [32m[Kros[m[K
[01m[K/home/troia/Ros/json-beta/src/respond/main.cpp:[m[K In member function â€˜[01m[Kchar* Logger::curr_time_c_str()[m[Kâ€™:
[01m[K/home/troia/Ros/json-beta/src/respond/main.cpp:41:12:[m[K [01;31m[Kerror: [m[Kexpected unqualified-id before â€˜[01m[K=[m[Kâ€™ token
   41 |  curr_time [01;31m[K=[m[K localtime(time);
      |            [01;31m[K^[m[K
[01m[K/home/troia/Ros/json-beta/src/respond/main.cpp:42:27:[m[K [01;31m[Kerror: [m[Kexpected primary-expression before â€˜[01m[K)[m[Kâ€™ token
   42 |  return ascitime(curr_time[01;31m[K)[m[K;
      |                           [01;31m[K^[m[K
[01m[K/home/troia/Ros/json-beta/src/respond/main.cpp:42:9:[m[K [01;31m[Kerror: [m[Kâ€˜[01m[Kascitime[m[Kâ€™ was not declared in this scope; did you mean â€˜[01m[Kasctime[m[Kâ€™?
   42 |  return [01;31m[Kascitime[m[K(curr_time);
      |         [01;31m[K^~~~~~~~[m[K
      |         [32m[Kasctime[m[K
[01m[K/home/troia/Ros/json-beta/src/respond/main.cpp:[m[K At global scope:
[01m[K/home/troia/Ros/json-beta/src/respond/main.cpp:89:3:[m[K [01;31m[Kerror: [m[Kexpected â€˜[01m[K}[m[Kâ€™ before â€˜[01m[K{[m[Kâ€™ token
   89 |   [01;31m[K{[m[K"haltAndCatchFire", &Responder::haltAndCatchFire}
      |   [01;31m[K^[m[K
[01m[K/home/troia/Ros/json-beta/src/respond/main.cpp:86:2:[m[K [01;36m[Knote: [m[Kto match this â€˜[01m[K{[m[Kâ€™
   86 |  [01;36m[K{[m[K{"onTrackLost", &Responder::onTrackLost},
      |  [01;36m[K^[m[K
[01m[K/home/troia/Ros/json-beta/src/respond/main.cpp:89:3:[m[K [01;31m[Kerror: [m[Kexpected â€˜[01m[K;[m[Kâ€™ before â€˜[01m[K{[m[Kâ€™ token
   89 |   [01;31m[K{[m[K"haltAndCatchFire", &Responder::haltAndCatchFire}
      |   [01;31m[K^[m[K
[01m[K/home/troia/Ros/json-beta/src/respond/main.cpp:122:27:[m[K [01;31m[Kerror: [m[Kâ€˜[01m[Klog_file_name[m[Kâ€™ was not declared in this scope
  122 | Logger log4j = new Logger([01;31m[Klog_file_name[m[K());
      |                           [01;31m[K^~~~~~~~~~~~~[m[K
[01m[K/home/troia/Ros/json-beta/src/respond/main.cpp:123:15:[m[K [01;31m[Kerror: [m[Kconversion from â€˜[01m[KResponder*[m[Kâ€™ to non-scalar type â€˜[01m[KResponder[m[Kâ€™ requested
  123 | Responder r = [01;31m[Knew Responder()[m[K;
      |               [01;31m[K^~~~~~~~~~~~~~~[m[K
make[2]: *** [CMakeFiles/respond_node.dir/build.make:63: CMakeFiles/respond_node.dir/main.cpp.o] Error 1
make[1]: *** [CMakeFiles/Makefile2:155: CMakeFiles/respond_node.dir/all] Error 2
make: *** [Makefile:141: all] Error 2
