[01m[K/home/troia/Ros/json-beta/src/respond/main.cpp:[m[K In member function â€˜[01m[Kstd::string Logger::log_file_name()[m[Kâ€™:
[01m[K/home/troia/Ros/json-beta/src/respond/main.cpp:35:29:[m[K [01;31m[Kerror: [m[Kâ€˜[01m[Kres[m[Kâ€™ was not declared in this scope; did you mean â€˜[01m[Kros[m[Kâ€™?
   35 |  std::replace(date.begin(), [01;31m[Kres[m[K.end(), ' ', '-');
      |                             [01;31m[K^~~[m[K
      |                             [32m[Kros[m[K
[01m[K/home/troia/Ros/json-beta/src/respond/main.cpp:[m[K In member function â€˜[01m[Kchar* Logger::curr_time_c_str()[m[Kâ€™:
[01m[K/home/troia/Ros/json-beta/src/respond/main.cpp:41:27:[m[K [01;31m[Kerror: [m[Kinvalid conversion from â€˜[01m[Ktime_t[m[Kâ€™ {aka â€˜[01m[Klong int[m[Kâ€™} to â€˜[01m[Kconst time_t*[m[Kâ€™ {aka â€˜[01m[Kconst long int*[m[Kâ€™} [[01;31m[K-fpermissive[m[K]
   41 |  return asctime(localtime([01;31m[K_time[m[K));
      |                           [01;31m[K^~~~~[m[K
      |                           [01;31m[K|[m[K
      |                           [01;31m[Ktime_t {aka long int}[m[K
In file included from [01m[K/usr/include/pthread.h:23[m[K,
                 from [01m[K/usr/include/x86_64-linux-gnu/c++/9/bits/gthr-default.h:35[m[K,
                 from [01m[K/usr/include/x86_64-linux-gnu/c++/9/bits/gthr.h:148[m[K,
                 from [01m[K/usr/include/c++/9/ext/atomicity.h:35[m[K,
                 from [01m[K/usr/include/c++/9/bits/ios_base.h:39[m[K,
                 from [01m[K/usr/include/c++/9/ios:42[m[K,
                 from [01m[K/usr/include/c++/9/ostream:38[m[K,
                 from [01m[K/usr/include/c++/9/iostream:39[m[K,
                 from [01m[K/home/troia/Ros/json-beta/src/respond/main.cpp:1[m[K:
[01m[K/usr/include/time.h:123:44:[m[K [01;36m[Knote: [m[K  initializing argument 1 of â€˜[01m[Ktm* localtime(const time_t*)[m[Kâ€™
  123 | extern struct tm *localtime ([01;36m[Kconst time_t *__timer[m[K) __THROW;
      |                              [01;36m[K~~~~~~~~~~~~~~^~~~~~~[m[K
[01m[K/home/troia/Ros/json-beta/src/respond/main.cpp:[m[K At global scope:
[01m[K/home/troia/Ros/json-beta/src/respond/main.cpp:88:3:[m[K [01;31m[Kerror: [m[Kexpected â€˜[01m[K}[m[Kâ€™ before â€˜[01m[K{[m[Kâ€™ token
   88 |   [01;31m[K{[m[K"haltAndCatchFire", &Responder::haltAndCatchFire}
      |   [01;31m[K^[m[K
[01m[K/home/troia/Ros/json-beta/src/respond/main.cpp:85:2:[m[K [01;36m[Knote: [m[Kto match this â€˜[01m[K{[m[Kâ€™
   85 |  [01;36m[K{[m[K{"onTrackLost", &Responder::onTrackLost},
      |  [01;36m[K^[m[K
[01m[K/home/troia/Ros/json-beta/src/respond/main.cpp:88:3:[m[K [01;31m[Kerror: [m[Kexpected â€˜[01m[K;[m[Kâ€™ before â€˜[01m[K{[m[Kâ€™ token
   88 |   [01;31m[K{[m[K"haltAndCatchFire", &Responder::haltAndCatchFire}
      |   [01;31m[K^[m[K
[01m[K/home/troia/Ros/json-beta/src/respond/main.cpp:120:28:[m[K [01;31m[Kerror: [m[Kâ€˜[01m[Klog_file_name[m[Kâ€™ was not declared in this scope
  120 | Logger* log4j = new Logger([01;31m[Klog_file_name[m[K());
      |                            [01;31m[K^~~~~~~~~~~~~[m[K
[01m[K/home/troia/Ros/json-beta/src/respond/main.cpp:[m[K In function â€˜[01m[Kint main(int, char**)[m[Kâ€™:
[01m[K/home/troia/Ros/json-beta/src/respond/main.cpp:135:7:[m[K [01;31m[Kerror: [m[Krequest for member â€˜[01m[Kfollow_json[m[Kâ€™ in â€˜[01m[Kr[m[Kâ€™, which is of pointer type â€˜[01m[KResponder*[m[Kâ€™ (maybe you meant to use â€˜[01m[K->[m[Kâ€™ ?)
  135 |     r.[01;31m[Kfollow_json[m[K(j);
      |       [01;31m[K^~~~~~~~~~~[m[K
make[2]: *** [CMakeFiles/respond_node.dir/build.make:63: CMakeFiles/respond_node.dir/main.cpp.o] Error 1
make[1]: *** [CMakeFiles/Makefile2:155: CMakeFiles/respond_node.dir/all] Error 2
make: *** [Makefile:141: all] Error 2
