[35m[1mScanning dependencies of target respond_node[0m
[ 50%] [32mBuilding CXX object CMakeFiles/respond_node.dir/main.cpp.o[0m
[01m[K/home/troia/Ros/json-beta/src/respond/main.cpp:[m[K In function â€˜[01m[Kchar* curr_time_as_c_str()[m[Kâ€™:
[01m[K/home/troia/Ros/json-beta/src/respond/main.cpp:18:50:[m[K [01;31m[Kerror: [m[Kexpected â€˜[01m[K)[m[Kâ€™ before â€˜[01m[K::[m[Kâ€™ token
   18 |     return std::ctime[34m[K([m[Kstd::chrono::system_clock()[01;31m[K:[m[K[32m[K:[m[Know());
      |                      [34m[K~[m[K                           [01;31m[K^[m[K[32m[K~[m[K
      |                                                  [32m[K)[m[K
[01m[K/home/troia/Ros/json-beta/src/respond/main.cpp:18:36:[m[K [01;31m[Kerror: [m[Kcannot convert â€˜[01m[Kstd::chrono::_V2::system_clock[m[Kâ€™ to â€˜[01m[Kconst time_t*[m[Kâ€™ {aka â€˜[01m[Kconst long int*[m[Kâ€™}
   18 |     return std::ctime(std::chrono::[01;31m[Ksystem_clock()[m[K::now());
      |                                    [01;31m[K^~~~~~~~~~~~~~[m[K
      |                                    [01;31m[K|[m[K
      |                                    [01;31m[Kstd::chrono::_V2::system_clock[m[K
In file included from [01m[K/usr/include/pthread.h:23[m[K,
                 from [01m[K/usr/include/x86_64-linux-gnu/c++/9/bits/gthr-default.h:35[m[K,
                 from [01m[K/usr/include/x86_64-linux-gnu/c++/9/bits/gthr.h:148[m[K,
                 from [01m[K/usr/include/c++/9/ext/atomicity.h:35[m[K,
                 from [01m[K/usr/include/c++/9/bits/ios_base.h:39[m[K,
                 from [01m[K/usr/include/c++/9/ios:42[m[K,
                 from [01m[K/usr/include/c++/9/ostream:38[m[K,
                 from [01m[K/usr/include/c++/9/iostream:39[m[K,
                 from [01m[K/home/troia/Ros/json-beta/src/respond/main.cpp:1[m[K:
[01m[K/usr/include/time.h:142:35:[m[K [01;36m[Knote: [m[K  initializing argument 1 of â€˜[01m[Kchar* ctime(const time_t*)[m[Kâ€™
  142 | extern char *ctime ([01;36m[Kconst time_t *__timer[m[K) __THROW;
      |                     [01;36m[K~~~~~~~~~~~~~~^~~~~~~[m[K
[01m[K/home/troia/Ros/json-beta/src/respond/main.cpp:[m[K In function â€˜[01m[Kstd::string log_file_name()[m[Kâ€™:
[01m[K/home/troia/Ros/json-beta/src/respond/main.cpp:24:32:[m[K [01;31m[Kerror: [m[Kâ€˜[01m[Kres[m[Kâ€™ was not declared in this scope; did you mean â€˜[01m[Kros[m[Kâ€™?
   24 |     std::replace(date.begin(), [01;31m[Kres[m[K.end(), ' ', '-');
      |                                [01;31m[K^~~[m[K
      |                                [32m[Kros[m[K
[01m[K/home/troia/Ros/json-beta/src/respond/main.cpp:[m[K At global scope:
[01m[K/home/troia/Ros/json-beta/src/respond/main.cpp:89:3:[m[K [01;31m[Kerror: [m[Kexpected â€˜[01m[K}[m[Kâ€™ before â€˜[01m[K{[m[Kâ€™ token
   89 |   [01;31m[K{[m[K"haltAndCatchFire", &Responder::haltAndCatchFire}
      |   [01;31m[K^[m[K
[01m[K/home/troia/Ros/json-beta/src/respond/main.cpp:86:2:[m[K [01;36m[Knote: [m[Kto match this â€˜[01m[K{[m[Kâ€™
   86 |  [01;36m[K{[m[K{"onTrackLost", &Responder::onTrackLost},
      |  [01;36m[K^[m[K
[01m[K/home/troia/Ros/json-beta/src/respond/main.cpp:89:3:[m[K [01;31m[Kerror: [m[Kexpected â€˜[01m[K;[m[Kâ€™ before â€˜[01m[K{[m[Kâ€™ token
   89 |   [01;31m[K{[m[K"haltAndCatchFire", &Responder::haltAndCatchFire}
      |   [01;31m[K^[m[K
[01m[K/home/troia/Ros/json-beta/src/respond/main.cpp:122:40:[m[K [01;31m[Kerror: [m[Kcannot bind non-const lvalue reference of type â€˜[01m[Kstd::string&[m[Kâ€™ {aka â€˜[01m[Kstd::__cxx11::basic_string<char>&[m[Kâ€™} to an rvalue of type â€˜[01m[Kstd::string[m[Kâ€™ {aka â€˜[01m[Kstd::__cxx11::basic_string<char>[m[Kâ€™}
  122 | Logger log4j = new Logger([01;31m[Klog_file_name()[m[K);
      |                           [01;31m[K~~~~~~~~~~~~~^~[m[K
[01m[K/home/troia/Ros/json-beta/src/respond/main.cpp:32:26:[m[K [01;36m[Knote: [m[K  initializing argument 1 of â€˜[01m[KLogger::Logger(std::string&)[m[Kâ€™
   32 |     Logger ([01;36m[Kstd::string& file[m[K) {
      |             [01;36m[K~~~~~~~~~~~~~^~~~[m[K
[01m[K/home/troia/Ros/json-beta/src/respond/main.cpp:123:15:[m[K [01;31m[Kerror: [m[Kconversion from â€˜[01m[KResponder*[m[Kâ€™ to non-scalar type â€˜[01m[KResponder[m[Kâ€™ requested
  123 | Responder r = [01;31m[Knew Responder()[m[K;
      |               [01;31m[K^~~~~~~~~~~~~~~[m[K
make[2]: *** [CMakeFiles/respond_node.dir/build.make:63: CMakeFiles/respond_node.dir/main.cpp.o] Error 1
make[1]: *** [CMakeFiles/Makefile2:155: CMakeFiles/respond_node.dir/all] Error 2
make: *** [Makefile:141: all] Error 2
