[01m[K/home/troia/Ros/json-beta/src/signaler/main.cpp:[m[K In function â€˜[01m[Kint main(int, char**)[m[Kâ€™:
[01m[K/home/troia/Ros/json-beta/src/signaler/main.cpp:11:50:[m[K [01;31m[Kerror: [m[Kâ€˜[01m[Kmsgs_String[m[Kâ€™ is not a member of â€˜[01m[Kstd[m[Kâ€™
   11 |     ros::Publisher error_pub = nh.advertise<std::[01;31m[Kmsgs_String[m[K("errori", 100);
      |                                                  [01;31m[K^~~~~~~~~~~[m[K
[01m[K/home/troia/Ros/json-beta/src/signaler/main.cpp:11:50:[m[K [01;31m[Kerror: [m[Kâ€˜[01m[Kmsgs_String[m[Kâ€™ is not a member of â€˜[01m[Kstd[m[Kâ€™
[01m[K/home/troia/Ros/json-beta/src/signaler/main.cpp:11:35:[m[K [01;31m[Kerror: [m[Kparse error in template argument list
   11 |     ros::Publisher error_pub = nh.[01;31m[Kadvertise<std::msgs_String("errori", 100)[m[K;
      |                                   [01;31m[K^~~~~~~~~~~~~~~~~~~~~~~~~~~~~~~~~~~~~~~~~[m[K
[01m[K/home/troia/Ros/json-beta/src/signaler/main.cpp:11:35:[m[K [01;31m[Kerror: [m[Kconversion from â€˜[01m[K<unresolved overloaded function type>[m[Kâ€™ to non-scalar type â€˜[01m[Kros::Publisher[m[Kâ€™ requested
   11 |     ros::Publisher error_pub = [01;31m[Knh.advertise<std::msgs_String("errori", 100)[m[K;
      |                                [01;31m[K~~~^~~~~~~~~~~~~~~~~~~~~~~~~~~~~~~~~~~~~~~~~[m[K
In file included from [01m[K/opt/ros/noetic/include/ros/ros.h:40[m[K,
                 from [01m[K/home/troia/Ros/json-beta/src/signaler/main.cpp:4[m[K:
[01m[K/home/troia/Ros/json-beta/src/signaler/main.cpp:25:32:[m[K [01;31m[Kerror: [m[Kno match for call to â€˜[01m[K(std_msgs::String_<std::allocator<void> >::_data_type {aka std::__cxx11::basic_string<char>}) ()[m[Kâ€™
   25 |  ROS_INFO("%s", messaggio.data([01;31m[K)[m[K.c_str());
      |                                [01;31m[K^[m[K
[01m[K/opt/ros/noetic/include/ros/console.h:351:165:[m[K [01;36m[Knote: [m[Kin definition of macro â€˜[01m[KROSCONSOLE_PRINT_AT_LOCATION_WITH_FILTER[m[Kâ€™
  351 |     ::ros::console::print(filter, __rosconsole_define_location__loc.logger_, __rosconsole_define_location__loc.level_, __FILE__, __LINE__, __ROSCONSOLE_FUNCTION__, [01;36m[K__VA_ARGS__[m[K)
      |                                                                                                                                                                     [01;36m[K^~~~~~~~~~~[m[K
[01m[K/opt/ros/noetic/include/ros/console.h:390:7:[m[K [01;36m[Knote: [m[Kin expansion of macro â€˜[01m[KROSCONSOLE_PRINT_AT_LOCATION[m[Kâ€™
  390 |       [01;36m[KROSCONSOLE_PRINT_AT_LOCATION[m[K(__VA_ARGS__); \
      |       [01;36m[K^~~~~~~~~~~~~~~~~~~~~~~~~~~~[m[K
[01m[K/opt/ros/noetic/include/ros/console.h:575:35:[m[K [01;36m[Knote: [m[Kin expansion of macro â€˜[01m[KROS_LOG_COND[m[Kâ€™
  575 | #define ROS_LOG(level, name, ...) [01;36m[KROS_LOG_COND[m[K(true, level, name, __VA_ARGS__)
      |                                   [01;36m[K^~~~~~~~~~~~[m[K
[01m[K/opt/ros/noetic/include/rosconsole/macros_generated.h:110:23:[m[K [01;36m[Knote: [m[Kin expansion of macro â€˜[01m[KROS_LOG[m[Kâ€™
  110 | #define ROS_INFO(...) [01;36m[KROS_LOG[m[K(::ros::console::levels::Info, ROSCONSOLE_DEFAULT_NAME, __VA_ARGS__)
      |                       [01;36m[K^~~~~~~[m[K
[01m[K/home/troia/Ros/json-beta/src/signaler/main.cpp:25:2:[m[K [01;36m[Knote: [m[Kin expansion of macro â€˜[01m[KROS_INFO[m[Kâ€™
   25 |  [01;36m[KROS_INFO[m[K("%s", messaggio.data().c_str());
      |  [01;36m[K^~~~~~~~[m[K
make[2]: *** [CMakeFiles/signaler_node.dir/build.make:63: CMakeFiles/signaler_node.dir/main.cpp.o] Error 1
make[1]: *** [CMakeFiles/Makefile2:155: CMakeFiles/signaler_node.dir/all] Error 2
make: *** [Makefile:141: all] Error 2
